<?xml version="1.0" encoding="utf-8"?><testsuites><testsuite name="pytest" errors="0" failures="0" skipped="1" tests="5" time="0.112" timestamp="2023-03-03T11:28:07.894874" hostname="MateG5"><testcase classname="tests.test_bytebank.TestClass" name="test_quando_idade_recebe_13_03_2000_deve_retonar_22" time="0.002" /><testcase classname="tests.test_bytebank.TestClass" name="test_quando_nome_recebe_Lucas_Carvalho_deve_retornar_Carvalho" time="0.001" /><testcase classname="tests.test_bytebank.TestClass" name="test_quando_decrescimo_salario_recebe_100000_deve_retornar_90000" time="0.001"><skipped type="pytest.skip" message="unconditional skip">C:\Projetos\python-tdd\tests\test_bytebank.py:26: unconditional skip</skipped></testcase><testcase classname="tests.test_bytebank.TestClass" name="test_quando_calcular_bonus_recebe_1000_deve_retornar_100" time="0.001" /><testcase classname="tests.test_bytebank.TestClass" name="test_quando_calcular_bunus_recebe_10000000_deve_retornar_exception" time="0.001" /></testsuite></testsuites>